<?xml version="1.0" encoding="UTF-8"?>
<testsuite name="CinemaTests" tests="1" skipped="0" failures="0" errors="0" timestamp="2022-07-06T15:50:30" hostname="LAPTOP-K8PDIV7K" time="6.362">
  <properties/>
  <testcase name="start" classname="CinemaTests" time="6.362"/>
  <system-out><![CDATA[?[1;31m
Start test 1?[0m

  .   ____          _            __ _ _
 /\\ / ___'_ __ _ _(_)_ __  __ _ \ \ \ \
( ( )\___ | '_ | '_| | '_ \/ _` | \ \ \ \
 \\/  ___)| |_)| | | | | || (_| |  ) ) ) )
  '  |____| .__|_| |_|_| |_\__, | / / / /
 =========|_|==============|___/=/_/_/_/
 :: Spring Boot ::                (v2.5.6)

2022-07-06 08:50:31.898  INFO 24264 --- [    Test worker] cinema.Main                              : Starting Main using Java 17.0.3 on LAPTOP-K8PDIV7K with PID 24264 (started by vanma in D:\clojure\Cinema Room REST Service\Cinema Room REST Service\task)
2022-07-06 08:50:31.904  INFO 24264 --- [    Test worker] cinema.Main                              : No active profile set, falling back to default profiles: default
2022-07-06 08:50:34.293  INFO 24264 --- [    Test worker] o.s.b.w.embedded.tomcat.TomcatWebServer  : Tomcat initialized with port(s): 28852 (http)
2022-07-06 08:50:34.318  INFO 24264 --- [    Test worker] o.apache.catalina.core.StandardService   : Starting service [Tomcat]
2022-07-06 08:50:34.319  INFO 24264 --- [    Test worker] org.apache.catalina.core.StandardEngine  : Starting Servlet engine: [Apache Tomcat/9.0.54]
2022-07-06 08:50:34.488  INFO 24264 --- [    Test worker] o.a.c.c.C.[Tomcat].[localhost].[/]       : Initializing Spring embedded WebApplicationContext
2022-07-06 08:50:34.488  INFO 24264 --- [    Test worker] w.s.c.ServletWebServerApplicationContext : Root WebApplicationContext: initialization completed in 2475 ms
2022-07-06 08:50:35.797  INFO 24264 --- [    Test worker] o.s.b.a.e.web.EndpointLinksResolver      : Exposing 14 endpoint(s) beneath base path '/actuator'
2022-07-06 08:50:35.876  INFO 24264 --- [    Test worker] o.s.b.w.embedded.tomcat.TomcatWebServer  : Tomcat started on port(s): 28852 (http) with context path ''
2022-07-06 08:50:35.908  INFO 24264 --- [    Test worker] cinema.Main                              : Started Main in 4.769 seconds (JVM running for 6.201)
2022-07-06 08:50:36.489  INFO 24264 --- [io-28852-exec-1] o.a.c.c.C.[Tomcat].[localhost].[/]       : Initializing Spring DispatcherServlet 'dispatcherServlet'
2022-07-06 08:50:36.490  INFO 24264 --- [io-28852-exec-1] o.s.web.servlet.DispatcherServlet        : Initializing Servlet 'dispatcherServlet'
2022-07-06 08:50:36.492  INFO 24264 --- [io-28852-exec-1] o.s.web.servlet.DispatcherServlet        : Completed initialization in 2 ms
?[1;31m
Start test 2?[0m
?[1;31m
Start test 3?[0m
?[1;31m
Start test 4?[0m
?[1;31m
Start test 5?[0m
?[1;31m
Start test 6?[0m
Refund{token=05a8a29b-6fcd-4b9a-b81b-95636eabb2d1, returned_ticket=null}
Refund{token=7824678c-8298-473c-af37-93617941315d, returned_ticket=null}
?[1;31m
Start test 7?[0m
?[1;31m
Start test 8?[0m
?[1;31m
Start test 9?[0m
?[1;31m
Start test 10?[0m
?[1;31m
Start test 11?[0m
Refund{token=280181ce-b0b3-4029-b327-8b39bcc7b366, returned_ticket=null}
?[1;31m
Start test 12?[0m
]]></system-out>
  <system-err><![CDATA[]]></system-err>
</testsuite>
